Build started 27/05/2015 18:05:36.
     1>Project "C:\Users\daniel\Documents\Visual Studio 2013\Projects\CG-Etapa03\CG-Etapa03\CG-Etapa03.vcxproj" on node 2 (Rebuild target(s)).
     1>ClCompile:
         C:\Program Files (x86)\Microsoft Visual Studio 12.0\VC\bin\CL.exe /c /ZI /nologo /W3 /WX- /Od /Oy- /D WIN32 /D _DEBUG /D _CONSOLE /D _LIB /D _UNICODE /D UNICODE /Gm /EHsc /RTC1 /MDd /GS /fp:precise /Zc:wchar_t /Zc:forScope /Fo"Debug\\" /Fd"Debug\vc120.pdb" /Gd /TP /analyze- /errorReport:prompt formas.cpp main.cpp tinystr.cpp tinyxml.cpp tinyxmlerror.cpp tinyxmlparser.cpp
         tinyxmlparser.cpp
         tinyxmlerror.cpp
         tinyxml.cpp
         tinystr.cpp
         main.cpp
     1>c:\users\daniel\documents\visual studio 2013\projects\cg-etapa03\cg-etapa03\formas.h(88): error C2146: syntax error : missing ';' before identifier 'buffers'
     1>c:\users\daniel\documents\visual studio 2013\projects\cg-etapa03\cg-etapa03\formas.h(88): error C4430: missing type specifier - int assumed. Note: C++ does not support default-int
     1>c:\users\daniel\documents\visual studio 2013\projects\cg-etapa03\cg-etapa03\formas.h(89): error C2146: syntax error : missing ';' before identifier 'vertexCount'
     1>c:\users\daniel\documents\visual studio 2013\projects\cg-etapa03\cg-etapa03\formas.h(89): error C4430: missing type specifier - int assumed. Note: C++ does not support default-int
     1>c:\users\daniel\documents\visual studio 2013\projects\cg-etapa03\cg-etapa03\rectangulo.h(15): fatal error C1083: Cannot open include file: 'GLUT/glut.h': No such file or directory
         formas.cpp
     1>c:\users\daniel\documents\visual studio 2013\projects\cg-etapa03\cg-etapa03\rectangulo.h(15): fatal error C1083: Cannot open include file: 'GLUT/glut.h': No such file or directory
         Generating Code...
     1>Done Building Project "C:\Users\daniel\Documents\Visual Studio 2013\Projects\CG-Etapa03\CG-Etapa03\CG-Etapa03.vcxproj" (Rebuild target(s)) -- FAILED.

Build FAILED.

Time Elapsed 00:00:03.96
